2024-08-22 02:37:34.671 [info] Reading sessions from keychain...
2024-08-22 02:37:34.671 [info] Getting sessions for all scopes...
2024-08-22 02:37:34.671 [info] Getting sessions for all scopes...
2024-08-22 02:37:34.671 [info] Got 0 sessions for ...
2024-08-22 02:37:34.671 [info] Got 0 sessions for ...
2024-08-22 02:37:34.671 [info] Getting sessions for read:user,repo,user:email,workflow...
2024-08-22 02:37:34.671 [info] Got 0 sessions for read:user,repo,user:email,workflow...
2024-08-22 02:48:45.732 [info] Getting sessions for read:user,repo,user:email,workflow...
2024-08-22 02:48:45.733 [info] Got 0 sessions for read:user,repo,user:email,workflow...
2024-08-22 02:48:48.915 [info] Logging in with 'any' account...
2024-08-22 02:48:48.915 [info] Logging in for the following scopes: read:user repo user:email workflow
2024-08-22 02:48:48.937 [info] Trying without local server... (read:user repo user:email workflow)
2024-08-22 02:53:48.939 [error] Timed out
2024-08-22 20:49:40.677 [error] Canceled
2024-08-22 20:49:40.718 [error] Canceled
2024-08-22 20:49:40.732 [error] Error: No auth flow succeeded.
	at a.GitHubServer.login (/snap/code/167/usr/share/code/resources/app/extensions/github-authentication/dist/extension.js:1:229180)
	at process.processTicksAndRejections (node:internal/process/task_queues:95:5)
	at async a.GitHubAuthenticationProvider.createSession (/snap/code/167/usr/share/code/resources/app/extensions/github-authentication/dist/extension.js:1:224483)
	at async c.$createSession (/snap/code/167/usr/share/code/resources/app/out/vs/workbench/api/node/extensionHostProcess.js:152:60892)
